<?xml version="1.0" encoding="UTF-8" ?>
<testsuite tests="51" failures="0" name="com.topcoder.commons.utils.TestValidationUtility" time="0.013" errors="0" skipped="0">
  <properties>
    <property name="java.runtime.name" value="Java(TM) SE Runtime Environment"/>
    <property name="sun.boot.library.path" value="C:\Program Files\Java\jdk1.8.0_211\jre\bin"/>
    <property name="java.vm.version" value="25.211-b12"/>
    <property name="java.vm.vendor" value="Oracle Corporation"/>
    <property name="maven.multiModuleProjectDirectory" value="C:\Users\Administrator\Desktop\软院学习资料\Java面向对象\作业\hw5"/>
    <property name="java.vendor.url" value="http://java.oracle.com/"/>
    <property name="path.separator" value=";"/>
    <property name="guice.disable.misplaced.annotation.check" value="true"/>
    <property name="java.vm.name" value="Java HotSpot(TM) 64-Bit Server VM"/>
    <property name="file.encoding.pkg" value="sun.io"/>
    <property name="user.script" value=""/>
    <property name="user.country" value="CN"/>
    <property name="sun.java.launcher" value="SUN_STANDARD"/>
    <property name="sun.os.patch.level" value="Service Pack 1"/>
    <property name="java.vm.specification.name" value="Java Virtual Machine Specification"/>
    <property name="user.dir" value="C:\Users\Administrator\Desktop\软院学习资料\Java面向对象\作业\hw5"/>
    <property name="java.runtime.version" value="1.8.0_211-b12"/>
    <property name="java.awt.graphicsenv" value="sun.awt.Win32GraphicsEnvironment"/>
    <property name="java.endorsed.dirs" value="C:\Program Files\Java\jdk1.8.0_211\jre\lib\endorsed"/>
    <property name="os.arch" value="amd64"/>
    <property name="java.io.tmpdir" value="C:\Users\ADMINI~1\AppData\Local\Temp\"/>
    <property name="line.separator" value="
"/>
    <property name="java.vm.specification.vendor" value="Oracle Corporation"/>
    <property name="user.variant" value=""/>
    <property name="os.name" value="Windows 7"/>
    <property name="net.sourceforge.cobertura.datafile" value="C:\Users\Administrator\Desktop\软院学习资料\Java面向对象\作业\hw5\target\cobertura\cobertura.ser"/>
    <property name="classworlds.conf" value="E:\Program Files\apache\maven\bin\..\bin\m2.conf"/>
    <property name="sun.jnu.encoding" value="GBK"/>
    <property name="java.library.path" value="C:\Program Files\Java\jdk1.8.0_211\bin;C:\Windows\Sun\Java\bin;C:\Windows\system32;C:\Windows;C:\Program Files\Java\jdk1.8.0_211\\bin;E:\Program Files\Python37\Scripts\;E:\Program Files\Python37\;C:\Program Files (x86)\Common Files\Oracle\Java\javapath;C:\ProgramData\Anaconda3;C:\ProgramData\Anaconda3\Library\mingw-w64\bin;C:\ProgramData\Anaconda3\Library\usr\bin;C:\ProgramData\Anaconda3\Library\bin;C:\ProgramData\Anaconda3\Scripts;C:\Windows\system32;C:\Windows;C:\Windows\System32\Wbem;C:\Windows\System32\WindowsPowerShell\v1.0\;D:\modeler\ext\bin\spss.TMWBServer\bin;D:\modeler\MPICH2\bin;D:\modeler\TABI;D:\OpenVPN\bin;C:\Go\bin;E:\Program Files\apache\maven\bin;A:\MinGW\bin\;E:\Git\cmd;E:\nvm;C:\Program Files\nodejs;C:\Users\Administrator\go\bin;E:\Microsoft VS Code\bin;C:\Users\Administrator\AppData\Roaming\npm;E:\nvm;C:\Program Files\nodejs;E:\nvm;C:\Program Files\nodejs;C:\Users\Administrator\go\bin;E:\Microsoft VS Code\bin;C:\Users\Administrator\AppData\Roaming\npm;C:\Windows\System32;C:\Program Files\nodejs;C:\Users\Administrator\go\bin;E:\Microsoft VS Code\bin;C:\Users\Administrator\AppData\R;E:\nvm\nvm;E:\nvm\nodejs;E:\Git\bin;E:\Program Files\OpenVPN\bin;C:\Users\Administrator\go\bin;E:\Microsoft VS Code\bin;C:\Windows\System32;E:\nvm\nvm;E:\nvm\nodejs;E:\Program Files\JetBrains\WebStorm 2019.1.3\bin;;."/>
    <property name="maven.conf" value="E:\Program Files\apache\maven\bin\../conf"/>
    <property name="java.specification.name" value="Java Platform API Specification"/>
    <property name="java.class.version" value="52.0"/>
    <property name="sun.management.compiler" value="HotSpot 64-Bit Tiered Compilers"/>
    <property name="os.version" value="6.1"/>
    <property name="library.jansi.path" value="E:\Program Files\apache\maven\bin\..\lib\jansi-native"/>
    <property name="user.home" value="C:\Users\Administrator"/>
    <property name="user.timezone" value="Asia/Shanghai"/>
    <property name="java.awt.printerjob" value="sun.awt.windows.WPrinterJob"/>
    <property name="java.specification.version" value="1.8"/>
    <property name="file.encoding" value="GBK"/>
    <property name="user.name" value="Administrator"/>
    <property name="java.class.path" value="E:\Program Files\apache\maven\bin\..\boot\plexus-classworlds-2.6.0.jar"/>
    <property name="java.vm.specification.version" value="1.8"/>
    <property name="sun.arch.data.model" value="64"/>
    <property name="java.home" value="C:\Program Files\Java\jdk1.8.0_211\jre"/>
    <property name="sun.java.command" value="org.codehaus.plexus.classworlds.launcher.Launcher cobertura:cobertura"/>
    <property name="java.specification.vendor" value="Oracle Corporation"/>
    <property name="user.language" value="zh"/>
    <property name="awt.toolkit" value="sun.awt.windows.WToolkit"/>
    <property name="java.vm.info" value="mixed mode"/>
    <property name="java.version" value="1.8.0_211"/>
    <property name="java.ext.dirs" value="C:\Program Files\Java\jdk1.8.0_211\jre\lib\ext;C:\Windows\Sun\Java\lib\ext"/>
    <property name="sun.boot.class.path" value="C:\Program Files\Java\jdk1.8.0_211\jre\lib\resources.jar;C:\Program Files\Java\jdk1.8.0_211\jre\lib\rt.jar;C:\Program Files\Java\jdk1.8.0_211\jre\lib\sunrsasign.jar;C:\Program Files\Java\jdk1.8.0_211\jre\lib\jsse.jar;C:\Program Files\Java\jdk1.8.0_211\jre\lib\jce.jar;C:\Program Files\Java\jdk1.8.0_211\jre\lib\charsets.jar;C:\Program Files\Java\jdk1.8.0_211\jre\lib\jfr.jar;C:\Program Files\Java\jdk1.8.0_211\jre\classes"/>
    <property name="sun.stderr.encoding" value="ms936"/>
    <property name="java.vendor" value="Oracle Corporation"/>
    <property name="maven.home" value="E:\Program Files\apache\maven\bin\.."/>
    <property name="file.separator" value="\"/>
    <property name="java.vendor.url.bug" value="http://bugreport.sun.com/bugreport/"/>
    <property name="sun.cpu.endian" value="little"/>
    <property name="sun.io.unicode.encoding" value="UnicodeLittle"/>
    <property name="project.build.outputDirectory" value="C:\Users\Administrator\Desktop\软院学习资料\Java面向对象\作业\hw5\target\generated-classes\cobertura"/>
    <property name="sun.stdout.encoding" value="ms936"/>
    <property name="sun.desktop" value="windows"/>
    <property name="sun.cpu.isalist" value="amd64"/>
  </properties>
  <testcase classname="com.topcoder.commons.utils.TestValidationUtility" name="checkNotNullNorEmptyAfterTrimming" time="0"/>
  <testcase classname="com.topcoder.commons.utils.TestValidationUtility" name="checkNotNullElements" time="0.01"/>
  <testcase classname="com.topcoder.commons.utils.TestValidationUtility" name="checkNotEmptyAfterTrimming" time="0"/>
  <testcase classname="com.topcoder.commons.utils.TestValidationUtility" name="checkNotEmptyCollection" time="0"/>
  <testcase classname="com.topcoder.commons.utils.TestValidationUtility" name="checkNotEmpty2" time="0"/>
  <testcase classname="com.topcoder.commons.utils.TestValidationUtility" name="checkNotPositiveLong" time="0"/>
  <testcase classname="com.topcoder.commons.utils.TestValidationUtility" name="checkNotNegativeLong" time="0"/>
  <testcase classname="com.topcoder.commons.utils.TestValidationUtility" name="checkInstance" time="0"/>
  <testcase classname="com.topcoder.commons.utils.TestValidationUtility" name="checkPositive" time="0"/>
  <testcase classname="com.topcoder.commons.utils.TestValidationUtility" name="checkIsDirectory" time="0"/>
  <testcase classname="com.topcoder.commons.utils.TestValidationUtility" name="checkNegative" time="0"/>
  <testcase classname="com.topcoder.commons.utils.TestValidationUtility" name="checkGreaterThanLong" time="0"/>
  <testcase classname="com.topcoder.commons.utils.TestValidationUtility" name="checkNotEmptyAfterTrimming2" time="0"/>
  <testcase classname="com.topcoder.commons.utils.TestValidationUtility" name="checkNullOrInstance2" time="0"/>
  <testcase classname="com.topcoder.commons.utils.TestValidationUtility" name="checkNullOrInstance3" time="0"/>
  <testcase classname="com.topcoder.commons.utils.TestValidationUtility" name="checkNotNullNorEmptyAfterTrimming2" time="0"/>
  <testcase classname="com.topcoder.commons.utils.TestValidationUtility" name="checkGreaterThan" time="0"/>
  <testcase classname="com.topcoder.commons.utils.TestValidationUtility" name="checkNotNullNorEmpty" time="0"/>
  <testcase classname="com.topcoder.commons.utils.TestValidationUtility" name="checkNotEmpty" time="0"/>
  <testcase classname="com.topcoder.commons.utils.TestValidationUtility" name="checkNotNull2" time="0"/>
  <testcase classname="com.topcoder.commons.utils.TestValidationUtility" name="checkLessThanLong" time="0"/>
  <testcase classname="com.topcoder.commons.utils.TestValidationUtility" name="checkNotZeroLong" time="0"/>
  <testcase classname="com.topcoder.commons.utils.TestValidationUtility" name="checkNotPositive" time="0"/>
  <testcase classname="com.topcoder.commons.utils.TestValidationUtility" name="checkNotNegative" time="0"/>
  <testcase classname="com.topcoder.commons.utils.TestValidationUtility" name="checkNotNullNorEmptyMap" time="0"/>
  <testcase classname="com.topcoder.commons.utils.TestValidationUtility" name="checkInRangeLong" time="0"/>
  <testcase classname="com.topcoder.commons.utils.TestValidationUtility" name="checkLessThan" time="0"/>
  <testcase classname="com.topcoder.commons.utils.TestValidationUtility" name="checkNotEmptyKeys" time="0"/>
  <testcase classname="com.topcoder.commons.utils.TestValidationUtility" name="checkNotEmptyMap2" time="0"/>
  <testcase classname="com.topcoder.commons.utils.TestValidationUtility" name="checkNotEmptyMap" time="0"/>
  <testcase classname="com.topcoder.commons.utils.TestValidationUtility" name="checkExists" time="0"/>
  <testcase classname="com.topcoder.commons.utils.TestValidationUtility" name="checkIsFile" time="0"/>
  <testcase classname="com.topcoder.commons.utils.TestValidationUtility" name="checkNotNullNorEmptyCollection2" time="0"/>
  <testcase classname="com.topcoder.commons.utils.TestValidationUtility" name="checkNotNullNorEmpty2" time="0"/>
  <testcase classname="com.topcoder.commons.utils.TestValidationUtility" name="checkNotNullNorEmpty3" time="0"/>
  <testcase classname="com.topcoder.commons.utils.TestValidationUtility" name="checkNotEmptyCollection2" time="0"/>
  <testcase classname="com.topcoder.commons.utils.TestValidationUtility" name="checkNotNullNorEmptyMap2" time="0.003"/>
  <testcase classname="com.topcoder.commons.utils.TestValidationUtility" name="checkNotNullValues" time="0"/>
  <testcase classname="com.topcoder.commons.utils.TestValidationUtility" name="checkNotNullKeys" time="0"/>
  <testcase classname="com.topcoder.commons.utils.TestValidationUtility" name="checkNotNullElements2" time="0"/>
  <testcase classname="com.topcoder.commons.utils.TestValidationUtility" name="checkNotNullNorEmptyCollection" time="0"/>
  <testcase classname="com.topcoder.commons.utils.TestValidationUtility" name="checkNotEmptyElements" time="0"/>
  <testcase classname="com.topcoder.commons.utils.TestValidationUtility" name="checkNotEmptyValues" time="0"/>
  <testcase classname="com.topcoder.commons.utils.TestValidationUtility" name="checkPositiveLong" time="0"/>
  <testcase classname="com.topcoder.commons.utils.TestValidationUtility" name="checkInRange" time="0"/>
  <testcase classname="com.topcoder.commons.utils.TestValidationUtility" name="checkInstance2" time="0"/>
  <testcase classname="com.topcoder.commons.utils.TestValidationUtility" name="checkNullOrInstance" time="0"/>
  <testcase classname="com.topcoder.commons.utils.TestValidationUtility" name="checkNegativeLong" time="0"/>
  <testcase classname="com.topcoder.commons.utils.TestValidationUtility" name="checkNotEmptyElements2" time="0"/>
  <testcase classname="com.topcoder.commons.utils.TestValidationUtility" name="checkNotNull" time="0"/>
  <testcase classname="com.topcoder.commons.utils.TestValidationUtility" name="checkNotZero" time="0"/>
</testsuite>